<?xml version="1.0" encoding="UTF-8"?>
<testsuite name="com.example.demo.SpringProfilesApplicationTests" tests="1" skipped="0" failures="0" errors="0" timestamp="2021-10-31T07:34:57" hostname="C02ZL30ULVCF" time="0.43">
  <properties/>
  <testcase name="contextLoads()" classname="com.example.demo.SpringProfilesApplicationTests" time="0.43"/>
  <system-out><![CDATA[13:04:55.418 [Test worker] DEBUG org.springframework.test.context.BootstrapUtils - Instantiating CacheAwareContextLoaderDelegate from class [org.springframework.test.context.cache.DefaultCacheAwareContextLoaderDelegate]
13:04:55.428 [Test worker] DEBUG org.springframework.test.context.BootstrapUtils - Instantiating BootstrapContext using constructor [public org.springframework.test.context.support.DefaultBootstrapContext(java.lang.Class,org.springframework.test.context.CacheAwareContextLoaderDelegate)]
13:04:55.460 [Test worker] DEBUG org.springframework.test.context.BootstrapUtils - Instantiating TestContextBootstrapper for test class [com.example.demo.SpringProfilesApplicationTests] from class [org.springframework.boot.test.context.SpringBootTestContextBootstrapper]
13:04:55.471 [Test worker] INFO org.springframework.boot.test.context.SpringBootTestContextBootstrapper - Neither @ContextConfiguration nor @ContextHierarchy found for test class [com.example.demo.SpringProfilesApplicationTests], using SpringBootContextLoader
13:04:55.475 [Test worker] DEBUG org.springframework.test.context.support.AbstractContextLoader - Did not detect default resource location for test class [com.example.demo.SpringProfilesApplicationTests]: class path resource [com/example/demo/DemoApplicationTests-context.xml] does not exist
13:04:55.475 [Test worker] DEBUG org.springframework.test.context.support.AbstractContextLoader - Did not detect default resource location for test class [com.example.demo.SpringProfilesApplicationTests]: class path resource [com/example/demo/DemoApplicationTestsContext.groovy] does not exist
13:04:55.475 [Test worker] INFO org.springframework.test.context.support.AbstractContextLoader - Could not detect default resource locations for test class [com.example.demo.SpringProfilesApplicationTests]: no resource found for suffixes {-context.xml, Context.groovy}.
13:04:55.476 [Test worker] INFO org.springframework.test.context.support.AnnotationConfigContextLoaderUtils - Could not detect default configuration classes for test class [com.example.demo.SpringProfilesApplicationTests]: DemoApplicationTests does not declare any static, non-private, non-final, nested classes annotated with @Configuration.
13:04:55.517 [Test worker] DEBUG org.springframework.test.context.support.ActiveProfilesUtils - Could not find an 'annotation declaring class' for annotation type [org.springframework.test.context.ActiveProfiles] and class [com.example.demo.SpringProfilesApplicationTests]
13:04:55.560 [Test worker] DEBUG org.springframework.context.annotation.ClassPathScanningCandidateComponentProvider - Identified candidate component class: file [/Users/kumb09/work/git/personal/spring-profiles/target/classes/java/main/com/example/demo/DemoApplication.class]
13:04:55.561 [Test worker] INFO org.springframework.boot.test.context.SpringBootTestContextBootstrapper - Found @SpringBootConfiguration com.example.demo.SpringProfilesApplication for test class com.example.demo.SpringProfilesApplicationTests
13:04:55.628 [Test worker] DEBUG org.springframework.boot.test.context.SpringBootTestContextBootstrapper - @TestExecutionListeners is not present for class [com.example.demo.SpringProfilesApplicationTests]: using defaults.
13:04:55.628 [Test worker] INFO org.springframework.boot.test.context.SpringBootTestContextBootstrapper - Loaded default TestExecutionListener class names from location [META-INF/spring.factories]: [org.springframework.boot.test.autoconfigure.restdocs.RestDocsTestExecutionListener, org.springframework.boot.test.autoconfigure.web.client.MockRestServiceServerResetTestExecutionListener, org.springframework.boot.test.autoconfigure.web.servlet.MockMvcPrintOnlyOnFailureTestExecutionListener, org.springframework.boot.test.autoconfigure.web.servlet.WebDriverTestExecutionListener, org.springframework.boot.test.autoconfigure.webservices.client.MockWebServiceServerTestExecutionListener, org.springframework.boot.test.mock.mockito.MockitoTestExecutionListener, org.springframework.boot.test.mock.mockito.ResetMocksTestExecutionListener, org.springframework.test.context.web.ServletTestExecutionListener, org.springframework.test.context.support.DirtiesContextBeforeModesTestExecutionListener, org.springframework.test.context.event.ApplicationEventsTestExecutionListener, org.springframework.test.context.support.DependencyInjectionTestExecutionListener, org.springframework.test.context.support.DirtiesContextTestExecutionListener, org.springframework.test.context.transaction.TransactionalTestExecutionListener, org.springframework.test.context.jdbc.SqlScriptsTestExecutionListener, org.springframework.test.context.event.EventPublishingTestExecutionListener]
13:04:55.640 [Test worker] DEBUG org.springframework.boot.test.context.SpringBootTestContextBootstrapper - Skipping candidate TestExecutionListener [org.springframework.test.context.transaction.TransactionalTestExecutionListener] due to a missing dependency. Specify custom listener classes or make the default listener classes and their required dependencies available. Offending class: [org/springframework/transaction/interceptor/TransactionAttributeSource]
13:04:55.641 [Test worker] DEBUG org.springframework.boot.test.context.SpringBootTestContextBootstrapper - Skipping candidate TestExecutionListener [org.springframework.test.context.jdbc.SqlScriptsTestExecutionListener] due to a missing dependency. Specify custom listener classes or make the default listener classes and their required dependencies available. Offending class: [org/springframework/transaction/interceptor/TransactionAttribute]
13:04:55.641 [Test worker] INFO org.springframework.boot.test.context.SpringBootTestContextBootstrapper - Using TestExecutionListeners: [org.springframework.test.context.web.ServletTestExecutionListener@56a4479a, org.springframework.test.context.support.DirtiesContextBeforeModesTestExecutionListener@62163b39, org.springframework.test.context.event.ApplicationEventsTestExecutionListener@20a8a64e, org.springframework.boot.test.mock.mockito.MockitoTestExecutionListener@62f4ff3b, org.springframework.boot.test.autoconfigure.SpringBootDependencyInjectionTestExecutionListener@1698fc68, org.springframework.test.context.support.DirtiesContextTestExecutionListener@4504d271, org.springframework.test.context.event.EventPublishingTestExecutionListener@207b8649, org.springframework.boot.test.autoconfigure.restdocs.RestDocsTestExecutionListener@65b3a85a, org.springframework.boot.test.autoconfigure.web.client.MockRestServiceServerResetTestExecutionListener@34997338, org.springframework.boot.test.autoconfigure.web.servlet.MockMvcPrintOnlyOnFailureTestExecutionListener@57eda880, org.springframework.boot.test.autoconfigure.web.servlet.WebDriverTestExecutionListener@2b5825fa, org.springframework.boot.test.autoconfigure.webservices.client.MockWebServiceServerTestExecutionListener@53d1b9b3, org.springframework.boot.test.mock.mockito.ResetMocksTestExecutionListener@2cae1042]
13:04:55.644 [Test worker] DEBUG org.springframework.test.context.support.AbstractDirtiesContextTestExecutionListener - Before test class: context [DefaultTestContext@cb191ca testClass = DemoApplicationTests, testInstance = [null], testMethod = [null], testException = [null], mergedContextConfiguration = [WebMergedContextConfiguration@42f48531 testClass = DemoApplicationTests, locations = '{}', classes = '{class com.example.demo.SpringProfilesApplication}', contextInitializerClasses = '[]', activeProfiles = '{}', propertySourceLocations = '{}', propertySourceProperties = '{org.springframework.boot.test.context.SpringBootTestContextBootstrapper=true}', contextCustomizers = set[org.springframework.boot.test.autoconfigure.actuate.metrics.MetricsExportContextCustomizerFactory$DisableMetricExportContextCustomizer@479ceda0, org.springframework.boot.test.autoconfigure.properties.PropertyMappingContextCustomizer@0, org.springframework.boot.test.autoconfigure.web.servlet.WebDriverContextCustomizerFactory$Customizer@3f67593e, org.springframework.boot.test.context.filter.ExcludeFilterContextCustomizer@82ea68c, org.springframework.boot.test.json.DuplicateJsonObjectContextCustomizerFactory$DuplicateJsonObjectContextCustomizer@43b9fd5, org.springframework.boot.test.mock.mockito.MockitoContextCustomizer@0, org.springframework.boot.test.web.client.TestRestTemplateContextCustomizer@600b9d27, org.springframework.boot.test.context.SpringBootTestArgs@1, org.springframework.boot.test.context.SpringBootTestWebEnvironment@7d20d0b], resourceBasePath = 'src/main/webapp', contextLoader = 'org.springframework.boot.test.context.SpringBootContextLoader', parent = [null]], attributes = map['org.springframework.test.context.web.ServletTestExecutionListener.activateListener' -> true]], class annotated with @DirtiesContext [false] with mode [null].
13:04:55.669 [Test worker] DEBUG org.springframework.test.context.support.TestPropertySourceUtils - Adding inlined properties to environment: {spring.jmx.enabled=false, org.springframework.boot.test.context.SpringBootTestContextBootstrapper=true}

  .   ____          _            __ _ _
 /\\ / ___'_ __ _ _(_)_ __  __ _ \ \ \ \
( ( )\___ | '_ | '_| | '_ \/ _` | \ \ \ \
 \\/  ___)| |_)| | | | | || (_| |  ) ) ) )
  '  |____| .__|_| |_|_| |_\__, | / / / /
 =========|_|==============|___/=/_/_/_/
 :: Spring Boot ::       (v2.6.0-SNAPSHOT)

2021-10-31 13:04:55.986  INFO 32355 --- [    Test worker] com.example.demo.SpringProfilesApplicationTests    : Starting DemoApplicationTests using Java 13.0.2 on C02ZL30ULVCF with PID 32355 (started by kumb09 in /Users/kumb09/work/git/personal/spring-profiles)
2021-10-31 13:04:55.987  INFO 32355 --- [    Test worker] com.example.demo.SpringProfilesApplicationTests    : The following profiles are active: test,staging
2021-10-31 13:04:57.416  INFO 32355 --- [    Test worker] o.s.b.a.e.web.EndpointLinksResolver      : Exposing 1 endpoint(s) beneath base path '/actuator'
2021-10-31 13:04:57.453  INFO 32355 --- [    Test worker] com.example.demo.SpringProfilesApplicationTests    : Started DemoApplicationTests in 1.777 seconds (JVM running for 2.709)
]]></system-out>
  <system-err><![CDATA[]]></system-err>
</testsuite>
